[JavaFX Application Thread] ERROR bg.tu_varna.sit.inventory.data.access.Connection  - Initial SessionFactory errorjava.lang.NoClassDefFoundError: java/sql/SQLException
[JavaFX Application Thread] ERROR bg.tu_varna.sit.inventory.data.access.Connection  - Initial SessionFactory errorjava.lang.NoClassDefFoundError: java/sql/SQLException
[JavaFX Application Thread] ERROR bg.tu_varna.sit.inventory.data.access.Connection  - Initial SessionFactory errorjava.lang.NoClassDefFoundError: java/sql/SQLException
[JavaFX Application Thread] ERROR bg.tu_varna.sit.inventory.business.services.AdminService  - Cannot find any mols in database!
[JavaFX Application Thread] ERROR bg.tu_varna.sit.inventory.data.access.Connection  - Initial SessionFactory errorjava.lang.NoClassDefFoundError: java/sql/SQLException
[JavaFX Application Thread] ERROR bg.tu_varna.sit.inventory.data.access.Connection  - Initial SessionFactory errorjava.lang.NoClassDefFoundError: java/sql/SQLException
[JavaFX Application Thread] ERROR bg.tu_varna.sit.inventory.data.access.Connection  - Initial SessionFactory created failedjava.lang.NoClassDefFoundError: java/sql/SQLException
[JavaFX Application Thread] ERROR bg.tu_varna.sit.inventory.data.access.Connection  - Initial SessionFactory created failedjava.lang.NoClassDefFoundError: java/sql/SQLException
[JavaFX Application Thread] ERROR bg.tu_varna.sit.inventory.data.access.Connection  - Initial SessionFactory created failedjava.lang.NoClassDefFoundError: java/sql/SQLException
[JavaFX Application Thread] ERROR bg.tu_varna.sit.inventory.data.access.Connection  - Initial SessionFactory created failed java.lang.NoClassDefFoundError: java/sql/SQLException
[JavaFX Application Thread] ERROR bg.tu_varna.sit.inventory.data.access.Connection  - Initial SessionFactory created failed java.lang.NoClassDefFoundError: java/sql/SQLException
[JavaFX Application Thread] ERROR bg.tu_varna.sit.inventory.data.access.Connection  - Initial SessionFactory created failed java.lang.NoClassDefFoundError: java/sql/SQLException
[JavaFX Application Thread] ERROR bg.tu_varna.sit.inventory.data.access.Connection  - Initial SessionFactory created failed java.lang.NoClassDefFoundError: java/sql/SQLException
[JavaFX Application Thread] ERROR bg.tu_varna.sit.inventory.data.access.Connection  - Initial SessionFactory created failed java.lang.NoClassDefFoundError: java/sql/SQLException
[JavaFX Application Thread] ERROR bg.tu_varna.sit.inventory.data.access.Connection  - Initial SessionFactory created failed java.lang.NoClassDefFoundError: java/sql/SQLException
[JavaFX Application Thread] ERROR bg.tu_varna.sit.inventory.data.access.Connection  - Initial SessionFactory created failed java.lang.NoClassDefFoundError: java/sql/SQLException
[JavaFX Application Thread] ERROR bg.tu_varna.sit.inventory.data.access.Connection  - Initial SessionFactory created failed java.lang.NoClassDefFoundError: java/sql/SQLException
[JavaFX Application Thread] ERROR bg.tu_varna.sit.inventory.data.access.Connection  - Initial SessionFactory created failed java.lang.NoClassDefFoundError: java/sql/SQLException
[JavaFX Application Thread] ERROR bg.tu_varna.sit.inventory.data.access.Connection  - Initial SessionFactory created failed java.lang.NoClassDefFoundError: java/sql/SQLException
[JavaFX Application Thread] ERROR bg.tu_varna.sit.inventory.data.access.Connection  - Initial SessionFactory created failed java.lang.NoClassDefFoundError: java/sql/SQLException
[JavaFX Application Thread] ERROR bg.tu_varna.sit.inventory.data.access.Connection  - Initial SessionFactory created failed java.lang.NoClassDefFoundError: java/sql/SQLException
[JavaFX Application Thread] ERROR bg.tu_varna.sit.inventory.business.services.AdminService  - Cannot find any mols in database!
[JavaFX Application Thread] ERROR bg.tu_varna.sit.inventory.data.access.Connection  - Initial SessionFactory created failed java.lang.NoClassDefFoundError: java/sql/SQLException
[JavaFX Application Thread] ERROR bg.tu_varna.sit.inventory.data.access.Connection  - Initial SessionFactory created failed java.lang.NoClassDefFoundError: java/sql/SQLException
[JavaFX Application Thread] ERROR bg.tu_varna.sit.inventory.data.access.Connection  - Initial SessionFactory created failed java.lang.NoClassDefFoundError: java/sql/SQLException
[JavaFX Application Thread] ERROR bg.tu_varna.sit.inventory.data.access.Connection  - Initial SessionFactory created failed java.lang.NoClassDefFoundError: java/sql/SQLException
[JavaFX Application Thread] ERROR bg.tu_varna.sit.inventory.data.access.Connection  - Initial SessionFactory created failed java.lang.NoClassDefFoundError: java/sql/SQLException
[JavaFX Application Thread] ERROR bg.tu_varna.sit.inventory.data.access.Connection  - Initial SessionFactory created failed java.lang.NoClassDefFoundError: java/sql/SQLException
[JavaFX Application Thread] ERROR bg.tu_varna.sit.inventory.data.access.Connection  - Initial SessionFactory created failed java.lang.NoClassDefFoundError: java/sql/SQLException
[JavaFX Application Thread] ERROR bg.tu_varna.sit.inventory.data.access.Connection  - Initial SessionFactory created failed java.lang.NoClassDefFoundError: java/sql/SQLException
[JavaFX Application Thread] ERROR bg.tu_varna.sit.inventory.data.access.Connection  - Initial SessionFactory created failed java.lang.NoClassDefFoundError: java/sql/SQLException
[JavaFX Application Thread] ERROR bg.tu_varna.sit.inventory.data.access.Connection  - Initial SessionFactory created failed java.lang.NoClassDefFoundError: java/sql/SQLException
[JavaFX Application Thread] ERROR bg.tu_varna.sit.inventory.data.access.Connection  - Initial SessionFactory created failed org.hibernate.internal.util.config.ConfigurationException: Could not locate cfg.xml resource [hibernate.cfg.xml]
[JavaFX Application Thread] ERROR org.hibernate.engine.jdbc.spi.SqlExceptionHelper  - Login failed for user ''. ClientConnectionId:0278789e-49de-4640-a1f3-433107d8dcaf
[JavaFX Application Thread] ERROR bg.tu_varna.sit.inventory.data.access.Connection  - Initial SessionFactory created failed org.hibernate.service.spi.ServiceException: Unable to create requested service [org.hibernate.engine.jdbc.env.spi.JdbcEnvironment]
[JavaFX Application Thread] ERROR org.hibernate.engine.jdbc.spi.SqlExceptionHelper  - The TCP/IP connection to the host localhost/inventory, port 1433 has failed. Error: "localhost/inventory. Verify the connection properties. Make sure that an instance of SQL Server is running on the host and accepting TCP/IP connections at the port. Make sure that TCP connections to the port are not blocked by a firewall.".
[JavaFX Application Thread] ERROR bg.tu_varna.sit.inventory.data.access.Connection  - Initial SessionFactory created failed org.hibernate.service.spi.ServiceException: Unable to create requested service [org.hibernate.engine.jdbc.env.spi.JdbcEnvironment]
[JavaFX Application Thread] ERROR bg.tu_varna.sit.inventory.data.access.Connection  - Initial SessionFactory created failed org.hibernate.MappingException: Repeated column in mapping for entity: bg.tu_varna.sit.inventory.data.entities.ProductsEntity column: stateID (should be mapped with insert="false" update="false")
[JavaFX Application Thread] ERROR org.hibernate.engine.jdbc.spi.SqlExceptionHelper  - Login failed for user ''. ClientConnectionId:fc36991f-3a1d-4a97-9e46-538ee750ac00
[JavaFX Application Thread] ERROR bg.tu_varna.sit.inventory.data.access.Connection  - Initial SessionFactory created failed org.hibernate.service.spi.ServiceException: Unable to create requested service [org.hibernate.engine.jdbc.env.spi.JdbcEnvironment]
[JavaFX Application Thread] ERROR org.hibernate.engine.jdbc.spi.SqlExceptionHelper  - Cannot open database "UserTask" requested by the login. The login failed. ClientConnectionId:ae46a551-d86c-47a2-a3d7-b296821bf966
[JavaFX Application Thread] ERROR bg.tu_varna.sit.inventory.data.access.Connection  - Initial SessionFactory created failed org.hibernate.service.spi.ServiceException: Unable to create requested service [org.hibernate.engine.jdbc.env.spi.JdbcEnvironment]
